# JRE version: Java(TM) SE Runtime Environment (17.0.12+8) (build 17.0.12+8-LTS-286)
# Java VM: Java HotSpot(TM) 64-Bit Server VM (17.0.12+8-LTS-286, mixed mode, sharing, tiered, compressed oops, compressed class ptrs, g1 gc, windows-amd64)
GC Precious Log:
 CPUs: 4 total, 4 available
 Memory: 7834M
 Large Page Support: Disabled
 NUMA Support: Disabled
 Compressed Oops: Enabled (32-bit)
 Heap Region Size: 1M
 Heap Min Capacity: 8M
 Heap Initial Capacity: 124M
 Heap Max Capacity: 2G
 Pre-touch: Disabled
 Parallel Workers: 4
 Concurrent Workers: 1
 Concurrent Refinement Workers: 4
 Periodic GC: Disabled
Heap:
 garbage-first heap   total 111616K, used 78947K [0x0000000080000000, 0x0000000100000000)
  region size 1024K, 7 young (7168K), 3 survivors (3072K)
 Metaspace       used 69494K, committed 70336K, reserved 491520K
  class space    used 9880K, committed 10304K, reserved 425984K
GC Heap History (20 events):
Event: 61.146 GC heap before
{Heap before GC invocations=27 (full 0):
 garbage-first heap   total 111616K, used 76090K [0x0000000080000000, 0x0000000100000000)
  region size 1024K, 13 young (13312K), 1 survivors (1024K)
 Metaspace       used 60288K, committed 60864K, reserved 491520K
  class space    used 8537K, committed 8832K, reserved 425984K
}
Event: 61.150 GC heap after
{Heap after GC invocations=28 (full 0):
 garbage-first heap   total 111616K, used 66125K [0x0000000080000000, 0x0000000100000000)
  region size 1024K, 2 young (2048K), 2 survivors (2048K)
 Metaspace       used 60288K, committed 60864K, reserved 491520K
  class space    used 8537K, committed 8832K, reserved 425984K
}
Event: 61.340 GC heap before
{Heap before GC invocations=28 (full 0):
 garbage-first heap   total 111616K, used 68173K [0x0000000080000000, 0x0000000100000000)
  region size 1024K, 5 young (5120K), 2 survivors (2048K)
 Metaspace       used 60463K, committed 61120K, reserved 491520K
  class space    used 8563K, committed 8832K, reserved 425984K
}
Event: 61.344 GC heap after
{Heap after GC invocations=29 (full 0):
 garbage-first heap   total 111616K, used 65637K [0x0000000080000000, 0x0000000100000000)
  region size 1024K, 1 young (1024K), 1 survivors (1024K)
 Metaspace       used 60463K, committed 61120K, reserved 491520K
  class space    used 8563K, committed 8832K, reserved 425984K
}
Event: 63.422 GC heap before
{Heap before GC invocations=29 (full 0):
 garbage-first heap   total 111616K, used 89189K [0x0000000080000000, 0x0000000100000000)
  region size 1024K, 24 young (24576K), 1 survivors (1024K)
 Metaspace       used 61848K, committed 62528K, reserved 491520K
  class space    used 8757K, committed 9088K, reserved 425984K
}
Event: 63.424 GC heap after
{Heap after GC invocations=30 (full 0):
 garbage-first heap   total 111616K, used 66222K [0x0000000080000000, 0x0000000100000000)
  region size 1024K, 1 young (1024K), 1 survivors (1024K)
 Metaspace       used 61848K, committed 62528K, reserved 491520K
  class space    used 8757K, committed 9088K, reserved 425984K
}
Event: 64.869 GC heap before
{Heap before GC invocations=30 (full 0):
 garbage-first heap   total 111616K, used 90798K [0x0000000080000000, 0x0000000100000000)
  region size 1024K, 25 young (25600K), 1 survivors (1024K)
 Metaspace       used 63148K, committed 63808K, reserved 491520K
  class space    used 8929K, committed 9216K, reserved 425984K
}
Event: 64.872 GC heap after
{Heap after GC invocations=31 (full 0):
 garbage-first heap   total 111616K, used 67564K [0x0000000080000000, 0x0000000100000000)
  region size 1024K, 3 young (3072K), 3 survivors (3072K)
 Metaspace       used 63148K, committed 63808K, reserved 491520K
  class space    used 8929K, committed 9216K, reserved 425984K
}
Event: 66.467 GC heap before
{Heap before GC invocations=31 (full 0):
 garbage-first heap   total 111616K, used 90092K [0x0000000080000000, 0x0000000100000000)
  region size 1024K, 26 young (26624K), 3 survivors (3072K)
 Metaspace       used 63760K, committed 64448K, reserved 491520K
  class space    used 9014K, committed 9344K, reserved 425984K
}
Event: 66.472 GC heap after
{Heap after GC invocations=32 (full 0):
 garbage-first heap   total 111616K, used 70346K [0x0000000080000000, 0x0000000100000000)
  region size 1024K, 4 young (4096K), 4 survivors (4096K)
 Metaspace       used 63760K, committed 64448K, reserved 491520K
  class space    used 9014K, committed 9344K, reserved 425984K
}
Event: 72.158 GC heap before
{Heap before GC invocations=32 (full 0):
 garbage-first heap   total 111616K, used 91850K [0x0000000080000000, 0x0000000100000000)
  region size 1024K, 25 young (25600K), 4 survivors (4096K)
 Metaspace       used 64442K, committed 65216K, reserved 491520K
  class space    used 9098K, committed 9472K, reserved 425984K
}
Event: 72.164 GC heap after
{Heap after GC invocations=33 (full 0):
 garbage-first heap   total 111616K, used 72201K [0x0000000080000000, 0x0000000100000000)
  region size 1024K, 4 young (4096K), 4 survivors (4096K)
 Metaspace       used 64442K, committed 65216K, reserved 491520K
  class space    used 9098K, committed 9472K, reserved 425984K
}
Event: 76.595 GC heap before
{Heap before GC invocations=33 (full 0):
 garbage-first heap   total 111616K, used 89609K [0x0000000080000000, 0x0000000100000000)
  region size 1024K, 22 young (22528K), 4 survivors (4096K)
 Metaspace       used 64621K, committed 65344K, reserved 491520K
  class space    used 9116K, committed 9472K, reserved 425984K
}
Event: 76.600 GC heap after
{Heap after GC invocations=34 (full 0):
 garbage-first heap   total 111616K, used 71977K [0x0000000080000000, 0x0000000100000000)
  region size 1024K, 3 young (3072K), 3 survivors (3072K)
 Metaspace       used 64621K, committed 65344K, reserved 491520K
  class space    used 9116K, committed 9472K, reserved 425984K
}
Event: 78.234 GC heap before
{Heap before GC invocations=34 (full 0):
 garbage-first heap   total 111616K, used 89385K [0x0000000080000000, 0x0000000100000000)
  region size 1024K, 21 young (21504K), 3 survivors (3072K)
 Metaspace       used 66095K, committed 66752K, reserved 491520K
  class space    used 9332K, committed 9664K, reserved 425984K
}
Event: 78.239 GC heap after
{Heap after GC invocations=35 (full 0):
 garbage-first heap   total 111616K, used 73104K [0x0000000080000000, 0x0000000100000000)
  region size 1024K, 2 young (2048K), 2 survivors (2048K)
 Metaspace       used 66095K, committed 66752K, reserved 491520K
  class space    used 9332K, committed 9664K, reserved 425984K
}
Event: 80.343 GC heap before
{Heap before GC invocations=35 (full 0):
 garbage-first heap   total 111616K, used 91536K [0x0000000080000000, 0x0000000100000000)
  region size 1024K, 20 young (20480K), 2 survivors (2048K)
 Metaspace       used 67499K, committed 68224K, reserved 491520K
  class space    used 9511K, committed 9856K, reserved 425984K
}
Event: 80.348 GC heap after
{Heap after GC invocations=36 (full 0):
 garbage-first heap   total 111616K, used 74322K [0x0000000080000000, 0x0000000100000000)
  region size 1024K, 3 young (3072K), 3 survivors (3072K)
 Metaspace       used 67499K, committed 68224K, reserved 491520K
  class space    used 9511K, committed 9856K, reserved 425984K
}
Event: 88.644 GC heap before
{Heap before GC invocations=36 (full 0):
 garbage-first heap   total 111616K, used 92754K [0x0000000080000000, 0x0000000100000000)
  region size 1024K, 21 young (21504K), 3 survivors (3072K)
 Metaspace       used 69201K, committed 70016K, reserved 491520K
  class space    used 9809K, committed 10176K, reserved 425984K
}
Event: 88.651 GC heap after
{Heap after GC invocations=37 (full 0):
 garbage-first heap   total 111616K, used 75875K [0x0000000080000000, 0x0000000100000000)
  region size 1024K, 3 young (3072K), 3 survivors (3072K)
 Metaspace       used 69201K, committed 70016K, reserved 491520K
  class space    used 9809K, committed 10176K, reserved 425984K
}

